[2025-12-11 18:21:34] [WebFruitSorter] [INFO] [logger.py:128] - ⚙️ ✅ Web system initialized
[2025-12-11 18:21:34] [WebFruitSorter] [ERROR] [logger.py:121] - ❌ Loop error: 'Camera' object has no attribute 'simulation_mode'
Traceback (most recent call last):
  File "/home/pi/System_Conveyor/web/app.py", line 178, in run
    frame = self.conveyor.capture_image()
            ^^^^^^^^^^^^^^^^^^^^^^^^^^^^^
  File "/home/pi/System_Conveyor/hardware/conveyor.py", line 143, in capture_image
    return self.camera.capture_image(save_path)
           ^^^^^^^^^^^^^^^^^^^^^^^^^^^^^^^^^^^^
  File "/home/pi/System_Conveyor/hardware/camera.py", line 103, in capture_image
    frame = self.capture_frame()
            ^^^^^^^^^^^^^^^^^^^^
  File "/home/pi/System_Conveyor/hardware/camera.py", line 81, in capture_frame
    if self.simulation_mode:
       ^^^^^^^^^^^^^^^^^^^^
AttributeError: 'Camera' object has no attribute 'simulation_mode'
[2025-12-11 18:21:35] [WebFruitSorter] [ERROR] [logger.py:121] - ❌ Loop error: 'Camera' object has no attribute 'simulation_mode'
Traceback (most recent call last):
  File "/home/pi/System_Conveyor/web/app.py", line 178, in run
    frame = self.conveyor.capture_image()
            ^^^^^^^^^^^^^^^^^^^^^^^^^^^^^
  File "/home/pi/System_Conveyor/hardware/conveyor.py", line 143, in capture_image
    return self.camera.capture_image(save_path)
           ^^^^^^^^^^^^^^^^^^^^^^^^^^^^^^^^^^^^
  File "/home/pi/System_Conveyor/hardware/camera.py", line 103, in capture_image
    frame = self.capture_frame()
            ^^^^^^^^^^^^^^^^^^^^
  File "/home/pi/System_Conveyor/hardware/camera.py", line 81, in capture_frame
    if self.simulation_mode:
       ^^^^^^^^^^^^^^^^^^^^
AttributeError: 'Camera' object has no attribute 'simulation_mode'
[2025-12-11 18:21:35] [WebFruitSorter] [ERROR] [logger.py:121] - ❌ Loop error: 'Camera' object has no attribute 'simulation_mode'
Traceback (most recent call last):
  File "/home/pi/System_Conveyor/web/app.py", line 178, in run
    frame = self.conveyor.capture_image()
            ^^^^^^^^^^^^^^^^^^^^^^^^^^^^^
  File "/home/pi/System_Conveyor/hardware/conveyor.py", line 143, in capture_image
    return self.camera.capture_image(save_path)
           ^^^^^^^^^^^^^^^^^^^^^^^^^^^^^^^^^^^^
  File "/home/pi/System_Conveyor/hardware/camera.py", line 103, in capture_image
    frame = self.capture_frame()
            ^^^^^^^^^^^^^^^^^^^^
  File "/home/pi/System_Conveyor/hardware/camera.py", line 81, in capture_frame
    if self.simulation_mode:
       ^^^^^^^^^^^^^^^^^^^^
AttributeError: 'Camera' object has no attribute 'simulation_mode'
[2025-12-11 18:21:36] [WebFruitSorter] [ERROR] [logger.py:121] - ❌ Loop error: 'Camera' object has no attribute 'simulation_mode'
Traceback (most recent call last):
  File "/home/pi/System_Conveyor/web/app.py", line 178, in run
    frame = self.conveyor.capture_image()
            ^^^^^^^^^^^^^^^^^^^^^^^^^^^^^
  File "/home/pi/System_Conveyor/hardware/conveyor.py", line 143, in capture_image
    return self.camera.capture_image(save_path)
           ^^^^^^^^^^^^^^^^^^^^^^^^^^^^^^^^^^^^
  File "/home/pi/System_Conveyor/hardware/camera.py", line 103, in capture_image
    frame = self.capture_frame()
            ^^^^^^^^^^^^^^^^^^^^
  File "/home/pi/System_Conveyor/hardware/camera.py", line 81, in capture_frame
    if self.simulation_mode:
       ^^^^^^^^^^^^^^^^^^^^
AttributeError: 'Camera' object has no attribute 'simulation_mode'
[2025-12-11 18:21:36] [WebFruitSorter] [ERROR] [logger.py:121] - ❌ Loop error: 'Camera' object has no attribute 'simulation_mode'
Traceback (most recent call last):
  File "/home/pi/System_Conveyor/web/app.py", line 178, in run
    frame = self.conveyor.capture_image()
            ^^^^^^^^^^^^^^^^^^^^^^^^^^^^^
  File "/home/pi/System_Conveyor/hardware/conveyor.py", line 143, in capture_image
    return self.camera.capture_image(save_path)
           ^^^^^^^^^^^^^^^^^^^^^^^^^^^^^^^^^^^^
  File "/home/pi/System_Conveyor/hardware/camera.py", line 103, in capture_image
    frame = self.capture_frame()
            ^^^^^^^^^^^^^^^^^^^^
  File "/home/pi/System_Conveyor/hardware/camera.py", line 81, in capture_frame
    if self.simulation_mode:
       ^^^^^^^^^^^^^^^^^^^^
AttributeError: 'Camera' object has no attribute 'simulation_mode'
[2025-12-11 18:21:37] [WebFruitSorter] [ERROR] [logger.py:121] - ❌ Loop error: 'Camera' object has no attribute 'simulation_mode'
Traceback (most recent call last):
  File "/home/pi/System_Conveyor/web/app.py", line 178, in run
    frame = self.conveyor.capture_image()
            ^^^^^^^^^^^^^^^^^^^^^^^^^^^^^
  File "/home/pi/System_Conveyor/hardware/conveyor.py", line 143, in capture_image
    return self.camera.capture_image(save_path)
           ^^^^^^^^^^^^^^^^^^^^^^^^^^^^^^^^^^^^
  File "/home/pi/System_Conveyor/hardware/camera.py", line 103, in capture_image
    frame = self.capture_frame()
            ^^^^^^^^^^^^^^^^^^^^
  File "/home/pi/System_Conveyor/hardware/camera.py", line 81, in capture_frame
    if self.simulation_mode:
       ^^^^^^^^^^^^^^^^^^^^
AttributeError: 'Camera' object has no attribute 'simulation_mode'
[2025-12-11 18:21:37] [WebFruitSorter] [ERROR] [logger.py:121] - ❌ Loop error: 'Camera' object has no attribute 'simulation_mode'
Traceback (most recent call last):
  File "/home/pi/System_Conveyor/web/app.py", line 178, in run
    frame = self.conveyor.capture_image()
            ^^^^^^^^^^^^^^^^^^^^^^^^^^^^^
  File "/home/pi/System_Conveyor/hardware/conveyor.py", line 143, in capture_image
    return self.camera.capture_image(save_path)
           ^^^^^^^^^^^^^^^^^^^^^^^^^^^^^^^^^^^^
  File "/home/pi/System_Conveyor/hardware/camera.py", line 103, in capture_image
    frame = self.capture_frame()
            ^^^^^^^^^^^^^^^^^^^^
  File "/home/pi/System_Conveyor/hardware/camera.py", line 81, in capture_frame
    if self.simulation_mode:
       ^^^^^^^^^^^^^^^^^^^^
AttributeError: 'Camera' object has no attribute 'simulation_mode'
[2025-12-11 18:21:38] [WebFruitSorter] [ERROR] [logger.py:121] - ❌ Loop error: 'Camera' object has no attribute 'simulation_mode'
Traceback (most recent call last):
  File "/home/pi/System_Conveyor/web/app.py", line 178, in run
    frame = self.conveyor.capture_image()
            ^^^^^^^^^^^^^^^^^^^^^^^^^^^^^
  File "/home/pi/System_Conveyor/hardware/conveyor.py", line 143, in capture_image
    return self.camera.capture_image(save_path)
           ^^^^^^^^^^^^^^^^^^^^^^^^^^^^^^^^^^^^
  File "/home/pi/System_Conveyor/hardware/camera.py", line 103, in capture_image
    frame = self.capture_frame()
            ^^^^^^^^^^^^^^^^^^^^
  File "/home/pi/System_Conveyor/hardware/camera.py", line 81, in capture_frame
    if self.simulation_mode:
       ^^^^^^^^^^^^^^^^^^^^
AttributeError: 'Camera' object has no attribute 'simulation_mode'
[2025-12-11 18:21:38] [WebFruitSorter] [ERROR] [logger.py:121] - ❌ Loop error: 'Camera' object has no attribute 'simulation_mode'
Traceback (most recent call last):
  File "/home/pi/System_Conveyor/web/app.py", line 178, in run
    frame = self.conveyor.capture_image()
            ^^^^^^^^^^^^^^^^^^^^^^^^^^^^^
  File "/home/pi/System_Conveyor/hardware/conveyor.py", line 143, in capture_image
    return self.camera.capture_image(save_path)
           ^^^^^^^^^^^^^^^^^^^^^^^^^^^^^^^^^^^^
  File "/home/pi/System_Conveyor/hardware/camera.py", line 103, in capture_image
    frame = self.capture_frame()
            ^^^^^^^^^^^^^^^^^^^^
  File "/home/pi/System_Conveyor/hardware/camera.py", line 81, in capture_frame
    if self.simulation_mode:
       ^^^^^^^^^^^^^^^^^^^^
AttributeError: 'Camera' object has no attribute 'simulation_mode'
[2025-12-11 18:21:39] [WebFruitSorter] [ERROR] [logger.py:121] - ❌ Loop error: 'Camera' object has no attribute 'simulation_mode'
Traceback (most recent call last):
  File "/home/pi/System_Conveyor/web/app.py", line 178, in run
    frame = self.conveyor.capture_image()
            ^^^^^^^^^^^^^^^^^^^^^^^^^^^^^
  File "/home/pi/System_Conveyor/hardware/conveyor.py", line 143, in capture_image
    return self.camera.capture_image(save_path)
           ^^^^^^^^^^^^^^^^^^^^^^^^^^^^^^^^^^^^
  File "/home/pi/System_Conveyor/hardware/camera.py", line 103, in capture_image
    frame = self.capture_frame()
            ^^^^^^^^^^^^^^^^^^^^
  File "/home/pi/System_Conveyor/hardware/camera.py", line 81, in capture_frame
    if self.simulation_mode:
       ^^^^^^^^^^^^^^^^^^^^
AttributeError: 'Camera' object has no attribute 'simulation_mode'
[2025-12-11 18:21:39] [WebFruitSorter] [ERROR] [logger.py:121] - ❌ Loop error: 'Camera' object has no attribute 'simulation_mode'
Traceback (most recent call last):
  File "/home/pi/System_Conveyor/web/app.py", line 178, in run
    frame = self.conveyor.capture_image()
            ^^^^^^^^^^^^^^^^^^^^^^^^^^^^^
  File "/home/pi/System_Conveyor/hardware/conveyor.py", line 143, in capture_image
    return self.camera.capture_image(save_path)
           ^^^^^^^^^^^^^^^^^^^^^^^^^^^^^^^^^^^^
  File "/home/pi/System_Conveyor/hardware/camera.py", line 103, in capture_image
    frame = self.capture_frame()
            ^^^^^^^^^^^^^^^^^^^^
  File "/home/pi/System_Conveyor/hardware/camera.py", line 81, in capture_frame
    if self.simulation_mode:
       ^^^^^^^^^^^^^^^^^^^^
AttributeError: 'Camera' object has no attribute 'simulation_mode'
[2025-12-11 18:21:40] [WebFruitSorter] [ERROR] [logger.py:121] - ❌ Loop error: 'Camera' object has no attribute 'simulation_mode'
Traceback (most recent call last):
  File "/home/pi/System_Conveyor/web/app.py", line 178, in run
    frame = self.conveyor.capture_image()
            ^^^^^^^^^^^^^^^^^^^^^^^^^^^^^
  File "/home/pi/System_Conveyor/hardware/conveyor.py", line 143, in capture_image
    return self.camera.capture_image(save_path)
           ^^^^^^^^^^^^^^^^^^^^^^^^^^^^^^^^^^^^
  File "/home/pi/System_Conveyor/hardware/camera.py", line 103, in capture_image
    frame = self.capture_frame()
            ^^^^^^^^^^^^^^^^^^^^
  File "/home/pi/System_Conveyor/hardware/camera.py", line 81, in capture_frame
    if self.simulation_mode:
       ^^^^^^^^^^^^^^^^^^^^
AttributeError: 'Camera' object has no attribute 'simulation_mode'
[2025-12-11 18:21:40] [WebFruitSorter] [ERROR] [logger.py:121] - ❌ Loop error: 'Camera' object has no attribute 'simulation_mode'
Traceback (most recent call last):
  File "/home/pi/System_Conveyor/web/app.py", line 178, in run
    frame = self.conveyor.capture_image()
            ^^^^^^^^^^^^^^^^^^^^^^^^^^^^^
  File "/home/pi/System_Conveyor/hardware/conveyor.py", line 143, in capture_image
    return self.camera.capture_image(save_path)
           ^^^^^^^^^^^^^^^^^^^^^^^^^^^^^^^^^^^^
  File "/home/pi/System_Conveyor/hardware/camera.py", line 103, in capture_image
    frame = self.capture_frame()
            ^^^^^^^^^^^^^^^^^^^^
  File "/home/pi/System_Conveyor/hardware/camera.py", line 81, in capture_frame
    if self.simulation_mode:
       ^^^^^^^^^^^^^^^^^^^^
AttributeError: 'Camera' object has no attribute 'simulation_mode'
[2025-12-11 18:21:41] [WebFruitSorter] [ERROR] [logger.py:121] - ❌ Loop error: 'Camera' object has no attribute 'simulation_mode'
Traceback (most recent call last):
  File "/home/pi/System_Conveyor/web/app.py", line 178, in run
    frame = self.conveyor.capture_image()
            ^^^^^^^^^^^^^^^^^^^^^^^^^^^^^
  File "/home/pi/System_Conveyor/hardware/conveyor.py", line 143, in capture_image
    return self.camera.capture_image(save_path)
           ^^^^^^^^^^^^^^^^^^^^^^^^^^^^^^^^^^^^
  File "/home/pi/System_Conveyor/hardware/camera.py", line 103, in capture_image
    frame = self.capture_frame()
            ^^^^^^^^^^^^^^^^^^^^
  File "/home/pi/System_Conveyor/hardware/camera.py", line 81, in capture_frame
    if self.simulation_mode:
       ^^^^^^^^^^^^^^^^^^^^
AttributeError: 'Camera' object has no attribute 'simulation_mode'
[2025-12-11 18:21:41] [WebFruitSorter] [ERROR] [logger.py:121] - ❌ Loop error: 'Camera' object has no attribute 'simulation_mode'
Traceback (most recent call last):
  File "/home/pi/System_Conveyor/web/app.py", line 178, in run
    frame = self.conveyor.capture_image()
            ^^^^^^^^^^^^^^^^^^^^^^^^^^^^^
  File "/home/pi/System_Conveyor/hardware/conveyor.py", line 143, in capture_image
    return self.camera.capture_image(save_path)
           ^^^^^^^^^^^^^^^^^^^^^^^^^^^^^^^^^^^^
  File "/home/pi/System_Conveyor/hardware/camera.py", line 103, in capture_image
    frame = self.capture_frame()
            ^^^^^^^^^^^^^^^^^^^^
  File "/home/pi/System_Conveyor/hardware/camera.py", line 81, in capture_frame
    if self.simulation_mode:
       ^^^^^^^^^^^^^^^^^^^^
AttributeError: 'Camera' object has no attribute 'simulation_mode'
[2025-12-11 18:21:42] [WebFruitSorter] [ERROR] [logger.py:121] - ❌ Loop error: 'Camera' object has no attribute 'simulation_mode'
Traceback (most recent call last):
  File "/home/pi/System_Conveyor/web/app.py", line 178, in run
    frame = self.conveyor.capture_image()
            ^^^^^^^^^^^^^^^^^^^^^^^^^^^^^
  File "/home/pi/System_Conveyor/hardware/conveyor.py", line 143, in capture_image
    return self.camera.capture_image(save_path)
           ^^^^^^^^^^^^^^^^^^^^^^^^^^^^^^^^^^^^
  File "/home/pi/System_Conveyor/hardware/camera.py", line 103, in capture_image
    frame = self.capture_frame()
            ^^^^^^^^^^^^^^^^^^^^
  File "/home/pi/System_Conveyor/hardware/camera.py", line 81, in capture_frame
    if self.simulation_mode:
       ^^^^^^^^^^^^^^^^^^^^
AttributeError: 'Camera' object has no attribute 'simulation_mode'
[2025-12-11 18:21:42] [WebFruitSorter] [ERROR] [logger.py:121] - ❌ Loop error: 'Camera' object has no attribute 'simulation_mode'
Traceback (most recent call last):
  File "/home/pi/System_Conveyor/web/app.py", line 178, in run
    frame = self.conveyor.capture_image()
            ^^^^^^^^^^^^^^^^^^^^^^^^^^^^^
  File "/home/pi/System_Conveyor/hardware/conveyor.py", line 143, in capture_image
    return self.camera.capture_image(save_path)
           ^^^^^^^^^^^^^^^^^^^^^^^^^^^^^^^^^^^^
  File "/home/pi/System_Conveyor/hardware/camera.py", line 103, in capture_image
    frame = self.capture_frame()
            ^^^^^^^^^^^^^^^^^^^^
  File "/home/pi/System_Conveyor/hardware/camera.py", line 81, in capture_frame
    if self.simulation_mode:
       ^^^^^^^^^^^^^^^^^^^^
AttributeError: 'Camera' object has no attribute 'simulation_mode'
[2025-12-11 18:21:43] [WebFruitSorter] [ERROR] [logger.py:121] - ❌ Loop error: 'Camera' object has no attribute 'simulation_mode'
Traceback (most recent call last):
  File "/home/pi/System_Conveyor/web/app.py", line 178, in run
    frame = self.conveyor.capture_image()
            ^^^^^^^^^^^^^^^^^^^^^^^^^^^^^
  File "/home/pi/System_Conveyor/hardware/conveyor.py", line 143, in capture_image
    return self.camera.capture_image(save_path)
           ^^^^^^^^^^^^^^^^^^^^^^^^^^^^^^^^^^^^
  File "/home/pi/System_Conveyor/hardware/camera.py", line 103, in capture_image
    frame = self.capture_frame()
            ^^^^^^^^^^^^^^^^^^^^
  File "/home/pi/System_Conveyor/hardware/camera.py", line 81, in capture_frame
    if self.simulation_mode:
       ^^^^^^^^^^^^^^^^^^^^
AttributeError: 'Camera' object has no attribute 'simulation_mode'
[2025-12-11 18:21:43] [WebFruitSorter] [ERROR] [logger.py:121] - ❌ Loop error: 'Camera' object has no attribute 'simulation_mode'
Traceback (most recent call last):
  File "/home/pi/System_Conveyor/web/app.py", line 178, in run
    frame = self.conveyor.capture_image()
            ^^^^^^^^^^^^^^^^^^^^^^^^^^^^^
  File "/home/pi/System_Conveyor/hardware/conveyor.py", line 143, in capture_image
    return self.camera.capture_image(save_path)
           ^^^^^^^^^^^^^^^^^^^^^^^^^^^^^^^^^^^^
  File "/home/pi/System_Conveyor/hardware/camera.py", line 103, in capture_image
    frame = self.capture_frame()
            ^^^^^^^^^^^^^^^^^^^^
  File "/home/pi/System_Conveyor/hardware/camera.py", line 81, in capture_frame
    if self.simulation_mode:
       ^^^^^^^^^^^^^^^^^^^^
AttributeError: 'Camera' object has no attribute 'simulation_mode'
[2025-12-11 18:21:44] [WebFruitSorter] [ERROR] [logger.py:121] - ❌ Loop error: 'Camera' object has no attribute 'simulation_mode'
Traceback (most recent call last):
  File "/home/pi/System_Conveyor/web/app.py", line 178, in run
    frame = self.conveyor.capture_image()
            ^^^^^^^^^^^^^^^^^^^^^^^^^^^^^
  File "/home/pi/System_Conveyor/hardware/conveyor.py", line 143, in capture_image
    return self.camera.capture_image(save_path)
           ^^^^^^^^^^^^^^^^^^^^^^^^^^^^^^^^^^^^
  File "/home/pi/System_Conveyor/hardware/camera.py", line 103, in capture_image
    frame = self.capture_frame()
            ^^^^^^^^^^^^^^^^^^^^
  File "/home/pi/System_Conveyor/hardware/camera.py", line 81, in capture_frame
    if self.simulation_mode:
       ^^^^^^^^^^^^^^^^^^^^
AttributeError: 'Camera' object has no attribute 'simulation_mode'
[2025-12-11 18:21:44] [WebFruitSorter] [ERROR] [logger.py:121] - ❌ Loop error: 'Camera' object has no attribute 'simulation_mode'
Traceback (most recent call last):
  File "/home/pi/System_Conveyor/web/app.py", line 178, in run
    frame = self.conveyor.capture_image()
            ^^^^^^^^^^^^^^^^^^^^^^^^^^^^^
  File "/home/pi/System_Conveyor/hardware/conveyor.py", line 143, in capture_image
    return self.camera.capture_image(save_path)
           ^^^^^^^^^^^^^^^^^^^^^^^^^^^^^^^^^^^^
  File "/home/pi/System_Conveyor/hardware/camera.py", line 103, in capture_image
    frame = self.capture_frame()
            ^^^^^^^^^^^^^^^^^^^^
  File "/home/pi/System_Conveyor/hardware/camera.py", line 81, in capture_frame
    if self.simulation_mode:
       ^^^^^^^^^^^^^^^^^^^^
AttributeError: 'Camera' object has no attribute 'simulation_mode'
[2025-12-11 18:21:45] [WebFruitSorter] [ERROR] [logger.py:121] - ❌ Loop error: 'Camera' object has no attribute 'simulation_mode'
Traceback (most recent call last):
  File "/home/pi/System_Conveyor/web/app.py", line 178, in run
    frame = self.conveyor.capture_image()
            ^^^^^^^^^^^^^^^^^^^^^^^^^^^^^
  File "/home/pi/System_Conveyor/hardware/conveyor.py", line 143, in capture_image
    return self.camera.capture_image(save_path)
           ^^^^^^^^^^^^^^^^^^^^^^^^^^^^^^^^^^^^
  File "/home/pi/System_Conveyor/hardware/camera.py", line 103, in capture_image
    frame = self.capture_frame()
            ^^^^^^^^^^^^^^^^^^^^
  File "/home/pi/System_Conveyor/hardware/camera.py", line 81, in capture_frame
    if self.simulation_mode:
       ^^^^^^^^^^^^^^^^^^^^
AttributeError: 'Camera' object has no attribute 'simulation_mode'
[2025-12-11 18:21:45] [WebFruitSorter] [ERROR] [logger.py:121] - ❌ Loop error: 'Camera' object has no attribute 'simulation_mode'
Traceback (most recent call last):
  File "/home/pi/System_Conveyor/web/app.py", line 178, in run
    frame = self.conveyor.capture_image()
            ^^^^^^^^^^^^^^^^^^^^^^^^^^^^^
  File "/home/pi/System_Conveyor/hardware/conveyor.py", line 143, in capture_image
    return self.camera.capture_image(save_path)
           ^^^^^^^^^^^^^^^^^^^^^^^^^^^^^^^^^^^^
  File "/home/pi/System_Conveyor/hardware/camera.py", line 103, in capture_image
    frame = self.capture_frame()
            ^^^^^^^^^^^^^^^^^^^^
  File "/home/pi/System_Conveyor/hardware/camera.py", line 81, in capture_frame
    if self.simulation_mode:
       ^^^^^^^^^^^^^^^^^^^^
AttributeError: 'Camera' object has no attribute 'simulation_mode'
[2025-12-11 18:21:46] [WebFruitSorter] [ERROR] [logger.py:121] - ❌ Loop error: 'Camera' object has no attribute 'simulation_mode'
Traceback (most recent call last):
  File "/home/pi/System_Conveyor/web/app.py", line 178, in run
    frame = self.conveyor.capture_image()
            ^^^^^^^^^^^^^^^^^^^^^^^^^^^^^
  File "/home/pi/System_Conveyor/hardware/conveyor.py", line 143, in capture_image
    return self.camera.capture_image(save_path)
           ^^^^^^^^^^^^^^^^^^^^^^^^^^^^^^^^^^^^
  File "/home/pi/System_Conveyor/hardware/camera.py", line 103, in capture_image
    frame = self.capture_frame()
            ^^^^^^^^^^^^^^^^^^^^
  File "/home/pi/System_Conveyor/hardware/camera.py", line 81, in capture_frame
    if self.simulation_mode:
       ^^^^^^^^^^^^^^^^^^^^
AttributeError: 'Camera' object has no attribute 'simulation_mode'
[2025-12-11 18:21:46] [WebFruitSorter] [ERROR] [logger.py:121] - ❌ Loop error: 'Camera' object has no attribute 'simulation_mode'
Traceback (most recent call last):
  File "/home/pi/System_Conveyor/web/app.py", line 178, in run
    frame = self.conveyor.capture_image()
            ^^^^^^^^^^^^^^^^^^^^^^^^^^^^^
  File "/home/pi/System_Conveyor/hardware/conveyor.py", line 143, in capture_image
    return self.camera.capture_image(save_path)
           ^^^^^^^^^^^^^^^^^^^^^^^^^^^^^^^^^^^^
  File "/home/pi/System_Conveyor/hardware/camera.py", line 103, in capture_image
    frame = self.capture_frame()
            ^^^^^^^^^^^^^^^^^^^^
  File "/home/pi/System_Conveyor/hardware/camera.py", line 81, in capture_frame
    if self.simulation_mode:
       ^^^^^^^^^^^^^^^^^^^^
AttributeError: 'Camera' object has no attribute 'simulation_mode'
[2025-12-11 18:21:47] [WebFruitSorter] [ERROR] [logger.py:121] - ❌ Loop error: 'Camera' object has no attribute 'simulation_mode'
Traceback (most recent call last):
  File "/home/pi/System_Conveyor/web/app.py", line 178, in run
    frame = self.conveyor.capture_image()
            ^^^^^^^^^^^^^^^^^^^^^^^^^^^^^
  File "/home/pi/System_Conveyor/hardware/conveyor.py", line 143, in capture_image
    return self.camera.capture_image(save_path)
           ^^^^^^^^^^^^^^^^^^^^^^^^^^^^^^^^^^^^
  File "/home/pi/System_Conveyor/hardware/camera.py", line 103, in capture_image
    frame = self.capture_frame()
            ^^^^^^^^^^^^^^^^^^^^
  File "/home/pi/System_Conveyor/hardware/camera.py", line 81, in capture_frame
    if self.simulation_mode:
       ^^^^^^^^^^^^^^^^^^^^
AttributeError: 'Camera' object has no attribute 'simulation_mode'
[2025-12-11 18:21:47] [WebFruitSorter] [ERROR] [logger.py:121] - ❌ Loop error: 'Camera' object has no attribute 'simulation_mode'
Traceback (most recent call last):
  File "/home/pi/System_Conveyor/web/app.py", line 178, in run
    frame = self.conveyor.capture_image()
            ^^^^^^^^^^^^^^^^^^^^^^^^^^^^^
  File "/home/pi/System_Conveyor/hardware/conveyor.py", line 143, in capture_image
    return self.camera.capture_image(save_path)
           ^^^^^^^^^^^^^^^^^^^^^^^^^^^^^^^^^^^^
  File "/home/pi/System_Conveyor/hardware/camera.py", line 103, in capture_image
    frame = self.capture_frame()
            ^^^^^^^^^^^^^^^^^^^^
  File "/home/pi/System_Conveyor/hardware/camera.py", line 81, in capture_frame
    if self.simulation_mode:
       ^^^^^^^^^^^^^^^^^^^^
AttributeError: 'Camera' object has no attribute 'simulation_mode'
[2025-12-11 18:21:48] [WebFruitSorter] [ERROR] [logger.py:121] - ❌ Loop error: 'Camera' object has no attribute 'simulation_mode'
Traceback (most recent call last):
  File "/home/pi/System_Conveyor/web/app.py", line 178, in run
    frame = self.conveyor.capture_image()
            ^^^^^^^^^^^^^^^^^^^^^^^^^^^^^
  File "/home/pi/System_Conveyor/hardware/conveyor.py", line 143, in capture_image
    return self.camera.capture_image(save_path)
           ^^^^^^^^^^^^^^^^^^^^^^^^^^^^^^^^^^^^
  File "/home/pi/System_Conveyor/hardware/camera.py", line 103, in capture_image
    frame = self.capture_frame()
            ^^^^^^^^^^^^^^^^^^^^
  File "/home/pi/System_Conveyor/hardware/camera.py", line 81, in capture_frame
    if self.simulation_mode:
       ^^^^^^^^^^^^^^^^^^^^
AttributeError: 'Camera' object has no attribute 'simulation_mode'
[2025-12-11 18:21:48] [WebFruitSorter] [ERROR] [logger.py:121] - ❌ Loop error: 'Camera' object has no attribute 'simulation_mode'
Traceback (most recent call last):
  File "/home/pi/System_Conveyor/web/app.py", line 178, in run
    frame = self.conveyor.capture_image()
            ^^^^^^^^^^^^^^^^^^^^^^^^^^^^^
  File "/home/pi/System_Conveyor/hardware/conveyor.py", line 143, in capture_image
    return self.camera.capture_image(save_path)
           ^^^^^^^^^^^^^^^^^^^^^^^^^^^^^^^^^^^^
  File "/home/pi/System_Conveyor/hardware/camera.py", line 103, in capture_image
    frame = self.capture_frame()
            ^^^^^^^^^^^^^^^^^^^^
  File "/home/pi/System_Conveyor/hardware/camera.py", line 81, in capture_frame
    if self.simulation_mode:
       ^^^^^^^^^^^^^^^^^^^^
AttributeError: 'Camera' object has no attribute 'simulation_mode'
[2025-12-11 18:21:49] [WebFruitSorter] [ERROR] [logger.py:121] - ❌ Loop error: 'Camera' object has no attribute 'simulation_mode'
Traceback (most recent call last):
  File "/home/pi/System_Conveyor/web/app.py", line 178, in run
    frame = self.conveyor.capture_image()
            ^^^^^^^^^^^^^^^^^^^^^^^^^^^^^
  File "/home/pi/System_Conveyor/hardware/conveyor.py", line 143, in capture_image
    return self.camera.capture_image(save_path)
           ^^^^^^^^^^^^^^^^^^^^^^^^^^^^^^^^^^^^
  File "/home/pi/System_Conveyor/hardware/camera.py", line 103, in capture_image
    frame = self.capture_frame()
            ^^^^^^^^^^^^^^^^^^^^
  File "/home/pi/System_Conveyor/hardware/camera.py", line 81, in capture_frame
    if self.simulation_mode:
       ^^^^^^^^^^^^^^^^^^^^
AttributeError: 'Camera' object has no attribute 'simulation_mode'
[2025-12-11 18:21:49] [WebFruitSorter] [ERROR] [logger.py:121] - ❌ Loop error: 'Camera' object has no attribute 'simulation_mode'
Traceback (most recent call last):
  File "/home/pi/System_Conveyor/web/app.py", line 178, in run
    frame = self.conveyor.capture_image()
            ^^^^^^^^^^^^^^^^^^^^^^^^^^^^^
  File "/home/pi/System_Conveyor/hardware/conveyor.py", line 143, in capture_image
    return self.camera.capture_image(save_path)
           ^^^^^^^^^^^^^^^^^^^^^^^^^^^^^^^^^^^^
  File "/home/pi/System_Conveyor/hardware/camera.py", line 103, in capture_image
    frame = self.capture_frame()
            ^^^^^^^^^^^^^^^^^^^^
  File "/home/pi/System_Conveyor/hardware/camera.py", line 81, in capture_frame
    if self.simulation_mode:
       ^^^^^^^^^^^^^^^^^^^^
AttributeError: 'Camera' object has no attribute 'simulation_mode'
[2025-12-11 18:21:50] [WebFruitSorter] [ERROR] [logger.py:121] - ❌ Loop error: 'Camera' object has no attribute 'simulation_mode'
Traceback (most recent call last):
  File "/home/pi/System_Conveyor/web/app.py", line 178, in run
    frame = self.conveyor.capture_image()
            ^^^^^^^^^^^^^^^^^^^^^^^^^^^^^
  File "/home/pi/System_Conveyor/hardware/conveyor.py", line 143, in capture_image
    return self.camera.capture_image(save_path)
           ^^^^^^^^^^^^^^^^^^^^^^^^^^^^^^^^^^^^
  File "/home/pi/System_Conveyor/hardware/camera.py", line 103, in capture_image
    frame = self.capture_frame()
            ^^^^^^^^^^^^^^^^^^^^
  File "/home/pi/System_Conveyor/hardware/camera.py", line 81, in capture_frame
    if self.simulation_mode:
       ^^^^^^^^^^^^^^^^^^^^
AttributeError: 'Camera' object has no attribute 'simulation_mode'
[2025-12-11 18:21:50] [WebFruitSorter] [ERROR] [logger.py:121] - ❌ Loop error: 'Camera' object has no attribute 'simulation_mode'
Traceback (most recent call last):
  File "/home/pi/System_Conveyor/web/app.py", line 178, in run
    frame = self.conveyor.capture_image()
            ^^^^^^^^^^^^^^^^^^^^^^^^^^^^^
  File "/home/pi/System_Conveyor/hardware/conveyor.py", line 143, in capture_image
    return self.camera.capture_image(save_path)
           ^^^^^^^^^^^^^^^^^^^^^^^^^^^^^^^^^^^^
  File "/home/pi/System_Conveyor/hardware/camera.py", line 103, in capture_image
    frame = self.capture_frame()
            ^^^^^^^^^^^^^^^^^^^^
  File "/home/pi/System_Conveyor/hardware/camera.py", line 81, in capture_frame
    if self.simulation_mode:
       ^^^^^^^^^^^^^^^^^^^^
AttributeError: 'Camera' object has no attribute 'simulation_mode'
[2025-12-11 18:21:51] [WebFruitSorter] [ERROR] [logger.py:121] - ❌ Loop error: 'Camera' object has no attribute 'simulation_mode'
Traceback (most recent call last):
  File "/home/pi/System_Conveyor/web/app.py", line 178, in run
    frame = self.conveyor.capture_image()
            ^^^^^^^^^^^^^^^^^^^^^^^^^^^^^
  File "/home/pi/System_Conveyor/hardware/conveyor.py", line 143, in capture_image
    return self.camera.capture_image(save_path)
           ^^^^^^^^^^^^^^^^^^^^^^^^^^^^^^^^^^^^
  File "/home/pi/System_Conveyor/hardware/camera.py", line 103, in capture_image
    frame = self.capture_frame()
            ^^^^^^^^^^^^^^^^^^^^
  File "/home/pi/System_Conveyor/hardware/camera.py", line 81, in capture_frame
    if self.simulation_mode:
       ^^^^^^^^^^^^^^^^^^^^
AttributeError: 'Camera' object has no attribute 'simulation_mode'
[2025-12-11 18:21:51] [WebFruitSorter] [INFO] [logger.py:128] - ⚙️ System stopped
[2025-12-11 18:42:35] [WebFruitSorter] [INFO] [logger.py:128] - ⚙️ ✅ Web system initialized
[2025-12-11 18:43:44] [WebFruitSorter] [INFO] [logger.py:128] - ⚙️ System stopped
[2025-12-11 18:46:29] [WebFruitSorter] [INFO] [logger.py:128] - ⚙️ System stopped
[2025-12-11 18:49:48] [WebFruitSorter] [INFO] [logger.py:128] - ⚙️ System stopped
[2025-12-11 18:54:43] [WebFruitSorter] [INFO] [logger.py:128] - ⚙️ ✅ Web system initialized
[2025-12-11 18:55:01] [WebFruitSorter] [INFO] [logger.py:128] - ⚙️ System stopped
